<?xml version="1.0" encoding="UTF-8"?>
<testsuite xmlns:xsi="http://www.w3.org/2001/XMLSchema-instance" xsi:noNamespaceSchemaLocation="https://maven.apache.org/surefire/maven-surefire-plugin/xsd/surefire-test-report-3.0.xsd" version="3.0" name="com.demo.task_ink_solutions.service.CityImportServiceTest" time="1.135" tests="3" errors="0" skipped="0" failures="0">
  <properties>
[...]
</properties>
  <testcase name="testFindAll_ReturnsCities" classname="com.demo.task_ink_solutions.service.CityImportServiceTest" time="1.086">
    <system-err><![CDATA[WARNING: A Java agent has been loaded dynamically (C:\Users\Damian\.m2\repository\net\bytebuddy\byte-buddy-agent\1.14.19\byte-buddy-agent-1.14.19.jar)
WARNING: If a serviceability tool is in use, please run with -XX:+EnableDynamicAgentLoading to hide this warning
WARNING: If a serviceability tool is not in use, please run with -Djdk.instrument.traceUsage for more information
WARNING: Dynamic loading of agents will be disallowed by default in a future release
]]></system-err>
  </testcase>
  <testcase name="testFindAll_ReturnsEmptyList" classname="com.demo.task_ink_solutions.service.CityImportServiceTest" time="0.003"/>
  <testcase name="testImportCities_RestTemplateReturnsNull" classname="com.demo.task_ink_solutions.service.CityImportServiceTest" time="0.019"/>
</testsuite>